        -:    0:Source:push_back.cpp
        -:    0:Graph:push_back.gcno
        -:    0:Data:push_back.gcda
        -:    0:Runs:1
        -:    0:Programs:1
        -:    1:#include <iostream>
        -:    2:#include <string>
        -:    3:#include <sstream>
        -:    4:#include <inttypes.h>
        -:    5:#include <cassert>
        -:    6:#include <memory>
        -:    7:#include <stdexcept>
        -:    8:#include <vector>
        -:    9:
        -:   10:#define test 500000
        -:   11:// #define test 1000000
        -:   12:using namespace std; //declare for visability so, use cout instead of std::cout
        -:   13:
        -:   14:
        -:   15:
        1:   16:int main(){
        -:   17:	
        1:   18:	vector<int> cache;
   500001:   19:	for (int i = 0; i < test; i++){
   500000:   20:		cache.push_back(i);
        -:   21:	}
        -:   22:
   500001:   23:	for(auto it = cache.begin(); it != cache.end(); it++){
   500000:   24:		cout<< *it <<endl;
        -:   25:	}
        -:   26:
        -:   27:	// fill(cache.begin(), cache.end(), 0);
        -:   28:
        -:   29:	// for(auto it = cache.begin(); it != cache.end(); it++){
        -:   30:	// 	cout<< *it <<endl;
        -:   31:	// }
        -:   32:
        1:   33:	exit(0);
        3:   34:}
